Using pre-set license
Built from '2020.2/staging' branch; Version is '2020.2.6f1 (8a2143876886) revision 9052483'; Using compiler version '192528614'; Build Type 'Release'
OS: 'Windows 10 Pro; OS build 18363.1440; Version 1909; 64bit' Language: 'pt' Physical Memory: 14267 MB
BatchMode: 1, IsHumanControllingUs: 0, StartBugReporterOnCrash: 0, Is64bit: 1, IsPro: 0

 COMMAND LINE ARGUMENTS:
C:\Program Files\Unity\Hub\Editor\2020.2.6f1\Editor\Unity.exe
-adb2
-batchMode
-noUpm
-name
AssetImportWorker1
-projectPath
D:/Unity/SuperNovoFukushima/Fukushima-GitHub/New-Fukushima/Fukushima (nome super normal)2
-logFile
Logs/AssetImportWorker1.log
-srvPort
52663
Successfully changed project path to: D:/Unity/SuperNovoFukushima/Fukushima-GitHub/New-Fukushima/Fukushima (nome super normal)2
D:/Unity/SuperNovoFukushima/Fukushima-GitHub/New-Fukushima/Fukushima (nome super normal)2
Using Asset Import Pipeline V2.
Refreshing native plugins compatible for Editor in 134.69 ms, found 0 plugins.
Preloading 0 native plugins for Editor in 0.00 ms.
Initialize engine version: 2020.2.6f1 (8a2143876886)
[Subsystems] Discovering subsystems at path C:/Program Files/Unity/Hub/Editor/2020.2.6f1/Editor/Data/Resources/UnitySubsystems
[Subsystems] Discovering subsystems at path D:/Unity/SuperNovoFukushima/Fukushima-GitHub/New-Fukushima/Fukushima (nome super normal)2/Assets
GfxDevice: creating device client; threaded=0
Direct3D:
    Version:  Direct3D 11.0 [level 11.1]
    Renderer: NVIDIA GeForce GTX 1050 Ti (ID=0x1c82)
    Vendor:   
    VRAM:     4018 MB
    Driver:   27.21.14.5671
Shader 'Universal Render Pipeline/Particles/Lit': fallback shader 'Universal Render Pipeline/Particles/SimpleLit' not found
Initialize mono
Mono path[0] = 'C:/Program Files/Unity/Hub/Editor/2020.2.6f1/Editor/Data/Managed'
Mono path[1] = 'C:/Program Files/Unity/Hub/Editor/2020.2.6f1/Editor/Data/MonoBleedingEdge/lib/mono/unityjit'
Mono config path = 'C:/Program Files/Unity/Hub/Editor/2020.2.6f1/Editor/Data/MonoBleedingEdge/etc'
Using monoOptions --debugger-agent=transport=dt_socket,embedding=1,server=y,suspend=n,address=127.0.0.1:56344
Begin MonoManager ReloadAssembly
Registering precompiled unity dll's ...
Register platform support module: C:/Program Files/Unity/Hub/Editor/2020.2.6f1/Editor/Data/PlaybackEngines/MacStandaloneSupport/UnityEditor.OSXStandalone.Extensions.dll
Register platform support module: C:/Program Files/Unity/Hub/Editor/2020.2.6f1/Editor/Data/PlaybackEngines/WindowsStandaloneSupport/UnityEditor.WindowsStandalone.Extensions.dll
Registered in 0.003226 seconds.
Native extension for WindowsStandalone target not found
Native extension for OSXStandalone target not found
Refreshing native plugins compatible for Editor in 119.57 ms, found 0 plugins.
Preloading 0 native plugins for Editor in 0.00 ms.
Invoked RoslynAnalysisRunner static constructor.
RoslynAnalysisRunner will not be running.
RoslynAnalysisRunner has terminated.
Mono: successfully reloaded assembly
- Completed reload, in  2.819 seconds
Platform modules already initialized, skipping
Registering precompiled user dll's ...
Registered in 0.002613 seconds.
Begin MonoManager ReloadAssembly
Native extension for WindowsStandalone target not found
Native extension for OSXStandalone target not found
Refreshing native plugins compatible for Editor in 128.06 ms, found 0 plugins.
Preloading 0 native plugins for Editor in 0.00 ms.
Invoked RoslynAnalysisRunner static constructor.
RoslynAnalysisRunner will not be running.
RoslynAnalysisRunner has terminated.
Mono: successfully reloaded assembly
- Completed reload, in  2.299 seconds
Platform modules already initialized, skipping
========================================================================
Worker process is ready to serve import requests
Shader 'Universal Render Pipeline/Particles/Lit': fallback shader 'Universal Render Pipeline/Particles/SimpleLit' not found
Launched and connected shader compiler UnityShaderCompiler.exe after 0.12 seconds
Refreshing native plugins compatible for Editor in 1.20 ms, found 0 plugins.
Preloading 0 native plugins for Editor in 0.00 ms.
Unloading 2926 Unused Serialized files (Serialized files now loaded: 0)
System memory in use before: 140.7 MB.
System memory in use after: 140.8 MB.

Unloading 97 unused Assets to reduce memory usage. Loaded Objects now: 3363.
Total: 6.406700 ms (FindLiveObjects: 1.588600 ms CreateObjectMapping: 0.390100 ms MarkObjects: 4.203800 ms  DeleteObjects: 0.221900 ms)

========================================================================
Received Import Request.
  path: Assets/_Fukushima/Scripts/Pistas/PistasData/Publicar Materia.asset
  artifactKey: Guid(dd0ff50a30a4b4945a24447c38d9fa7b) Importer(815301076,1909f56bfc062723c751e8b465ee728b)
Start importing Assets/_Fukushima/Scripts/Pistas/PistasData/Publicar Materia.asset using Guid(dd0ff50a30a4b4945a24447c38d9fa7b) Importer(815301076,1909f56bfc062723c751e8b465ee728b)  -> (artifact id: '69befd4698ec3049829c93d83f730946') in 0.066969 seconds
  Import took 0.107604 seconds .

========================================================================
Received Import Request.
  Time since last request: 0.000257 seconds.
  path: Assets/_Fukushima/Scripts/Pistas/PistasData/Lista De Funcionarios.asset
  artifactKey: Guid(c78a5dce28f7026499a8f294fb4a6694) Importer(815301076,1909f56bfc062723c751e8b465ee728b)
Start importing Assets/_Fukushima/Scripts/Pistas/PistasData/Lista De Funcionarios.asset using Guid(c78a5dce28f7026499a8f294fb4a6694) Importer(815301076,1909f56bfc062723c751e8b465ee728b)  -> (artifact id: '518830605cf1ad7be44c0715a94fd4cd') in 0.013194 seconds
  Import took 0.029953 seconds .

========================================================================
Received Import Request.
  Time since last request: 0.000220 seconds.
  path: Assets/_Fukushima/Scripts/Pistas/PistasData/CaixaDeVeneno.asset
  artifactKey: Guid(b816f9cff9e3457468eecd4da32845a5) Importer(815301076,1909f56bfc062723c751e8b465ee728b)
Start importing Assets/_Fukushima/Scripts/Pistas/PistasData/CaixaDeVeneno.asset using Guid(b816f9cff9e3457468eecd4da32845a5) Importer(815301076,1909f56bfc062723c751e8b465ee728b)  -> (artifact id: 'feaf4b6b31d3a56ef03c0fc710fcea86') in 0.015101 seconds
  Import took 0.036958 seconds .

========================================================================
Received Import Request.
  Time since last request: 0.000313 seconds.
  path: Assets/_Fukushima/Scripts/Pistas/PistasData/Foto Do Delegado.asset
  artifactKey: Guid(422b3132a145cdb4a831ef24ad9810b6) Importer(815301076,1909f56bfc062723c751e8b465ee728b)
Start importing Assets/_Fukushima/Scripts/Pistas/PistasData/Foto Do Delegado.asset using Guid(422b3132a145cdb4a831ef24ad9810b6) Importer(815301076,1909f56bfc062723c751e8b465ee728b)  -> (artifact id: 'ea7ea084f9e118bfcdaeb6f7a4447dd9') in 0.045296 seconds
  Import took 0.054587 seconds .

========================================================================
Received Import Request.
  Time since last request: 0.000253 seconds.
  path: Assets/_Fukushima/Scripts/Pistas/PistasData/Carta De Condolencias.asset
  artifactKey: Guid(175cbc96113987940bb25d95af2fc301) Importer(815301076,1909f56bfc062723c751e8b465ee728b)
Start importing Assets/_Fukushima/Scripts/Pistas/PistasData/Carta De Condolencias.asset using Guid(175cbc96113987940bb25d95af2fc301) Importer(815301076,1909f56bfc062723c751e8b465ee728b)  -> (artifact id: 'b299e9cff5942d0c1a8bfeef3cb8c471') in 0.012663 seconds
  Import took 0.033552 seconds .

========================================================================
Received Import Request.
  Time since last request: 0.000229 seconds.
  path: Assets/_Fukushima/Scripts/Pistas/PistasData/Celular Do Marido.asset
  artifactKey: Guid(52f829f432f3a2f4d8ff26e830eea63e) Importer(815301076,1909f56bfc062723c751e8b465ee728b)
Start importing Assets/_Fukushima/Scripts/Pistas/PistasData/Celular Do Marido.asset using Guid(52f829f432f3a2f4d8ff26e830eea63e) Importer(815301076,1909f56bfc062723c751e8b465ee728b)  -> (artifact id: '29bdde0cf8c0cb77df002b7907f5d435') in 0.017327 seconds
  Import took 0.036418 seconds .

========================================================================
Received Import Request.
  Time since last request: 0.000790 seconds.
  path: Assets/_Fukushima/Scripts/Pistas/PistasData/Colar De Uniao.asset
  artifactKey: Guid(a1d26686495c6c84ba74c04e75b75a14) Importer(815301076,1909f56bfc062723c751e8b465ee728b)
Start importing Assets/_Fukushima/Scripts/Pistas/PistasData/Colar De Uniao.asset using Guid(a1d26686495c6c84ba74c04e75b75a14) Importer(815301076,1909f56bfc062723c751e8b465ee728b)  -> (artifact id: '2b331df8badbc8e2bd1c694009314756') in 0.010784 seconds
  Import took 0.023772 seconds .

========================================================================
Received Import Request.
  Time since last request: 0.000604 seconds.
  path: Assets/_Fukushima/Scripts/Pistas/PistasData/Carta Assumindo relacionamento.asset
  artifactKey: Guid(b367165b5f547da418a1c2ed412fd961) Importer(815301076,1909f56bfc062723c751e8b465ee728b)
Start importing Assets/_Fukushima/Scripts/Pistas/PistasData/Carta Assumindo relacionamento.asset using Guid(b367165b5f547da418a1c2ed412fd961) Importer(815301076,1909f56bfc062723c751e8b465ee728b)  -> (artifact id: '41e0f498792ec7943947b0d84947e9b2') in 0.026224 seconds
  Import took 0.034027 seconds .

========================================================================
Received Import Request.
  Time since last request: 0.000307 seconds.
  path: Assets/_Fukushima/Scripts/Pistas/PistasData
  artifactKey: Guid(b7efabfbebe98314d869091d9444fc72) Importer(815301076,1909f56bfc062723c751e8b465ee728b)
Start importing Assets/_Fukushima/Scripts/Pistas/PistasData using Guid(b7efabfbebe98314d869091d9444fc72) Importer(815301076,1909f56bfc062723c751e8b465ee728b)  -> (artifact id: '0e38d1971f022653ff1783366c4bd0a3') in 0.011544 seconds
  Import took 0.019699 seconds .

========================================================================
Received Import Request.
  Time since last request: 0.000229 seconds.
  path: Assets/_Fukushima/Scripts/Pistas/PistasData/Bloco De Notas.asset
  artifactKey: Guid(43792d2f3c757034a88fdf07cfe2963b) Importer(815301076,1909f56bfc062723c751e8b465ee728b)
Start importing Assets/_Fukushima/Scripts/Pistas/PistasData/Bloco De Notas.asset using Guid(43792d2f3c757034a88fdf07cfe2963b) Importer(815301076,1909f56bfc062723c751e8b465ee728b)  -> (artifact id: 'fcfcaa8b5fba6b0a7e191b7a0e6dc4a9') in 0.014336 seconds
  Import took 0.037182 seconds .

========================================================================
Received Import Request.
  Time since last request: 229.011409 seconds.
  path: Assets/_Fukushima/Animator
  artifactKey: Guid(7c4b927d3d2deae4eb6e266028870769) Importer(815301076,1909f56bfc062723c751e8b465ee728b)
Start importing Assets/_Fukushima/Animator using Guid(7c4b927d3d2deae4eb6e266028870769) Importer(815301076,1909f56bfc062723c751e8b465ee728b)  -> (artifact id: '4c7eb183ec68e3991322e9842f16fef4') in 0.011856 seconds
  Import took 0.019931 seconds .

========================================================================
Received Import Request.
  Time since last request: 2.876777 seconds.
  path: Assets/_Fukushima/AllSprites/UI Novo
  artifactKey: Guid(4e628f75d89135e449322f6a17bc20cd) Importer(815301076,1909f56bfc062723c751e8b465ee728b)
Start importing Assets/_Fukushima/AllSprites/UI Novo using Guid(4e628f75d89135e449322f6a17bc20cd) Importer(815301076,1909f56bfc062723c751e8b465ee728b)  -> (artifact id: '532c6185b6bb350022988eeded09253c') in 0.012210 seconds
  Import took 0.018669 seconds .

========================================================================
Received Import Request.
  Time since last request: 76.396731 seconds.
  path: Assets/_Fukushima/AllSprites/UI Novo/Camada_65.png
  artifactKey: Guid(037ee0b971a56a643b4ad77689e0d539) Importer(815301076,1909f56bfc062723c751e8b465ee728b)
Start importing Assets/_Fukushima/AllSprites/UI Novo/Camada_65.png using Guid(037ee0b971a56a643b4ad77689e0d539) Importer(815301076,1909f56bfc062723c751e8b465ee728b)  -> (artifact id: '6ee1d5f25bfd6f7fe40e14f4cd43130d') in 0.095102 seconds
  Import took 0.128934 seconds .

========================================================================
Received Import Request.
  Time since last request: 0.484374 seconds.
  path: Assets/_Fukushima/AllSprites/UI Novo/Camada_69_copiar.png
  artifactKey: Guid(fe8e00501fc821244b6fdb63f9b8afab) Importer(815301076,1909f56bfc062723c751e8b465ee728b)
Start importing Assets/_Fukushima/AllSprites/UI Novo/Camada_69_copiar.png using Guid(fe8e00501fc821244b6fdb63f9b8afab) Importer(815301076,1909f56bfc062723c751e8b465ee728b)  -> (artifact id: '83bf76b82d61f1d46b4bce671be711e4') in 0.017578 seconds
  Import took 0.038625 seconds .

========================================================================
Received Import Request.
  Time since last request: 5.981169 seconds.
  path: Assets/_Fukushima/AllSprites/UI Novo/Camada_69_copiar.png
  artifactKey: Guid(fe8e00501fc821244b6fdb63f9b8afab) Importer(815301076,1909f56bfc062723c751e8b465ee728b)
Start importing Assets/_Fukushima/AllSprites/UI Novo/Camada_69_copiar.png using Guid(fe8e00501fc821244b6fdb63f9b8afab) Importer(815301076,1909f56bfc062723c751e8b465ee728b)  -> (artifact id: '6f68c2a93e0689070814f89bd021fb92') in 0.072080 seconds
  Import took 0.077301 seconds .

========================================================================
Received Import Request.
  Time since last request: 29.966251 seconds.
  path: Assets/_Fukushima/AllSprites/UI Novo/Camada_68.png
  artifactKey: Guid(2cc69c261f34f424784d99f9904352de) Importer(815301076,1909f56bfc062723c751e8b465ee728b)
Start importing Assets/_Fukushima/AllSprites/UI Novo/Camada_68.png using Guid(2cc69c261f34f424784d99f9904352de) Importer(815301076,1909f56bfc062723c751e8b465ee728b)  -> (artifact id: 'bf8534794d9dce88fae647bb3d186cb8') in 0.030217 seconds
  Import took 0.037915 seconds .

========================================================================
Received Import Request.
  Time since last request: 0.003123 seconds.
  path: Assets/_Fukushima/AllSprites/UI Novo/Camada_68.png
  artifactKey: Guid(2cc69c261f34f424784d99f9904352de) Importer(815301076,1909f56bfc062723c751e8b465ee728b)
Start importing Assets/_Fukushima/AllSprites/UI Novo/Camada_68.png using Guid(2cc69c261f34f424784d99f9904352de) Importer(815301076,1909f56bfc062723c751e8b465ee728b)  -> (artifact id: 'bf8534794d9dce88fae647bb3d186cb8') in 0.021102 seconds
  Import took 0.029661 seconds .

========================================================================
Received Import Request.
  Time since last request: 1.326660 seconds.
  path: Assets/_Fukushima/AllSprites/UI Novo/Camada_65_copiar.png
  artifactKey: Guid(9dcad2c3a7925aa468b4eff388580735) Importer(815301076,1909f56bfc062723c751e8b465ee728b)
Start importing Assets/_Fukushima/AllSprites/UI Novo/Camada_65_copiar.png using Guid(9dcad2c3a7925aa468b4eff388580735) Importer(815301076,1909f56bfc062723c751e8b465ee728b)  -> (artifact id: '5a029728944f86c21f53d8a76e31dfc7') in 0.021183 seconds
  Import took 0.028392 seconds .

========================================================================
Received Import Request.
  Time since last request: 0.445079 seconds.
  path: Assets/_Fukushima/AllSprites/UI Novo/Camada_65.png
  artifactKey: Guid(037ee0b971a56a643b4ad77689e0d539) Importer(815301076,1909f56bfc062723c751e8b465ee728b)
Start importing Assets/_Fukushima/AllSprites/UI Novo/Camada_65.png using Guid(037ee0b971a56a643b4ad77689e0d539) Importer(815301076,1909f56bfc062723c751e8b465ee728b)  -> (artifact id: '771a8bec6e3c73b0cec486ffe4f49ea6') in 0.020107 seconds
  Import took 0.039202 seconds .

========================================================================
Received Import Request.
  Time since last request: 3.663135 seconds.
  path: Assets/_Fukushima/AllSprites/UI Novo/Camada_69.png
  artifactKey: Guid(2ae5e1dd99e54224fb9009d6cf976389) Importer(815301076,1909f56bfc062723c751e8b465ee728b)
Start importing Assets/_Fukushima/AllSprites/UI Novo/Camada_69.png using Guid(2ae5e1dd99e54224fb9009d6cf976389) Importer(815301076,1909f56bfc062723c751e8b465ee728b)  -> (artifact id: '4f12d89a040ab87abd2b49372a242c2f') in 0.025399 seconds
  Import took 0.049494 seconds .

========================================================================
Received Import Request.
  Time since last request: 2.451917 seconds.
  path: Assets/_Fukushima/AllSprites/UI Novo/Camada_70_copiar_3.png
  artifactKey: Guid(a92584b39ee4a1c459c6bb7a15c9b2f6) Importer(815301076,1909f56bfc062723c751e8b465ee728b)
Start importing Assets/_Fukushima/AllSprites/UI Novo/Camada_70_copiar_3.png using Guid(a92584b39ee4a1c459c6bb7a15c9b2f6) Importer(815301076,1909f56bfc062723c751e8b465ee728b)  -> (artifact id: '1520d7837081c9c044e6c1425cecf98e') in 0.021887 seconds
  Import took 0.029052 seconds .

========================================================================
Received Import Request.
  Time since last request: 0.001619 seconds.
  path: Assets/_Fukushima/AllSprites/UI Novo/Camada_70_copiar_3.png
  artifactKey: Guid(a92584b39ee4a1c459c6bb7a15c9b2f6) Importer(815301076,1909f56bfc062723c751e8b465ee728b)
Start importing Assets/_Fukushima/AllSprites/UI Novo/Camada_70_copiar_3.png using Guid(a92584b39ee4a1c459c6bb7a15c9b2f6) Importer(815301076,1909f56bfc062723c751e8b465ee728b)  -> (artifact id: '1520d7837081c9c044e6c1425cecf98e') in 0.022362 seconds
  Import took 0.028129 seconds .

========================================================================
Received Import Request.
  Time since last request: 0.918848 seconds.
  path: Assets/_Fukushima/AllSprites/UI Novo/tepco.png
  artifactKey: Guid(1e0444372a8437941b5dce06bd85edfe) Importer(815301076,1909f56bfc062723c751e8b465ee728b)
Start importing Assets/_Fukushima/AllSprites/UI Novo/tepco.png using Guid(1e0444372a8437941b5dce06bd85edfe) Importer(815301076,1909f56bfc062723c751e8b465ee728b)  -> (artifact id: '01103f7aad3d7046a2b414c6b9e3cc54') in 0.025101 seconds
  Import took 0.044505 seconds .

========================================================================
Received Import Request.
  Time since last request: 0.001282 seconds.
  path: Assets/_Fukushima/AllSprites/UI Novo/tepco.png
  artifactKey: Guid(1e0444372a8437941b5dce06bd85edfe) Importer(815301076,1909f56bfc062723c751e8b465ee728b)
Start importing Assets/_Fukushima/AllSprites/UI Novo/tepco.png using Guid(1e0444372a8437941b5dce06bd85edfe) Importer(815301076,1909f56bfc062723c751e8b465ee728b)  -> (artifact id: '01103f7aad3d7046a2b414c6b9e3cc54') in 0.023873 seconds
  Import took 0.030607 seconds .

========================================================================
Received Import Request.
  Time since last request: 8.228308 seconds.
  path: Assets/_Fukushima/AllSprites/UI Novo/Delegacia.png
  artifactKey: Guid(037ee0b971a56a643b4ad77689e0d539) Importer(815301076,1909f56bfc062723c751e8b465ee728b)
Start importing Assets/_Fukushima/AllSprites/UI Novo/Delegacia.png using Guid(037ee0b971a56a643b4ad77689e0d539) Importer(815301076,1909f56bfc062723c751e8b465ee728b)  -> (artifact id: '1aa04cd89bcfd14304add9332f311690') in 0.026714 seconds
  Import took 0.042610 seconds .

========================================================================
Received Import Request.
  Time since last request: 9.392437 seconds.
  path: Assets/_Fukushima/AllSprites/UI Novo/DelegaciaSSSS.png
  artifactKey: Guid(9dcad2c3a7925aa468b4eff388580735) Importer(815301076,1909f56bfc062723c751e8b465ee728b)
Start importing Assets/_Fukushima/AllSprites/UI Novo/DelegaciaSSSS.png using Guid(9dcad2c3a7925aa468b4eff388580735) Importer(815301076,1909f56bfc062723c751e8b465ee728b)  -> (artifact id: '6424de476a9fcaa08fe4d77b5f410b70') in 0.027185 seconds
  Import took 0.034504 seconds .

========================================================================
Received Import Request.
  Time since last request: 9.040725 seconds.
  path: Assets/_Fukushima/AllSprites/UI Novo/Casa.png
  artifactKey: Guid(a92584b39ee4a1c459c6bb7a15c9b2f6) Importer(815301076,1909f56bfc062723c751e8b465ee728b)
Start importing Assets/_Fukushima/AllSprites/UI Novo/Casa.png using Guid(a92584b39ee4a1c459c6bb7a15c9b2f6) Importer(815301076,1909f56bfc062723c751e8b465ee728b)  -> (artifact id: 'dbb15db711f12e4f0370051a0e9458d0') in 0.030686 seconds
  Import took 0.038930 seconds .

========================================================================
Received Import Request.
  Time since last request: 7.272261 seconds.
  path: Assets/_Fukushima/AllSprites/UI Novo/CasaSSSS.png
  artifactKey: Guid(2cc69c261f34f424784d99f9904352de) Importer(815301076,1909f56bfc062723c751e8b465ee728b)
Start importing Assets/_Fukushima/AllSprites/UI Novo/CasaSSSS.png using Guid(2cc69c261f34f424784d99f9904352de) Importer(815301076,1909f56bfc062723c751e8b465ee728b)  -> (artifact id: '246359ef38c685974f0cb265fcc20a34') in 0.029121 seconds
  Import took 0.045795 seconds .

========================================================================
Received Import Request.
  Time since last request: 11.356153 seconds.
  path: Assets/_Fukushima/AllSprites/UI Novo/EsconderijoSSSS.png
  artifactKey: Guid(fe8e00501fc821244b6fdb63f9b8afab) Importer(815301076,1909f56bfc062723c751e8b465ee728b)
Start importing Assets/_Fukushima/AllSprites/UI Novo/EsconderijoSSSS.png using Guid(fe8e00501fc821244b6fdb63f9b8afab) Importer(815301076,1909f56bfc062723c751e8b465ee728b)  -> (artifact id: '595d372955a22a54ecd0d4b0d1a9fbb4') in 0.025581 seconds
  Import took 0.043765 seconds .

========================================================================
Received Import Request.
  Time since last request: 3.500385 seconds.
  path: Assets/_Fukushima/AllSprites/UI Novo/Esconderijo.png
  artifactKey: Guid(2ae5e1dd99e54224fb9009d6cf976389) Importer(815301076,1909f56bfc062723c751e8b465ee728b)
Start importing Assets/_Fukushima/AllSprites/UI Novo/Esconderijo.png using Guid(2ae5e1dd99e54224fb9009d6cf976389) Importer(815301076,1909f56bfc062723c751e8b465ee728b)  -> (artifact id: '87372e51c19ecf8a57085d5548d010f6') in 0.020781 seconds
  Import took 0.039641 seconds .

========================================================================
Received Import Request.
  Time since last request: 9.097368 seconds.
  path: Assets/_Fukushima/AllSprites/UI Novo/tepco_copiar.png
  artifactKey: Guid(12e1c6e44ffd95f4bbf7662642d4128c) Importer(815301076,1909f56bfc062723c751e8b465ee728b)
Start importing Assets/_Fukushima/AllSprites/UI Novo/tepco_copiar.png using Guid(12e1c6e44ffd95f4bbf7662642d4128c) Importer(815301076,1909f56bfc062723c751e8b465ee728b)  -> (artifact id: '2b0aa3641a2e5059d655abb6abb8f4d4') in 0.044836 seconds
  Import took 0.050947 seconds .

========================================================================
Received Import Request.
  Time since last request: 5.087469 seconds.
  path: Assets/_Fukushima/AllSprites/UI Novo/tepcoSSSS.png
  artifactKey: Guid(12e1c6e44ffd95f4bbf7662642d4128c) Importer(815301076,1909f56bfc062723c751e8b465ee728b)
Start importing Assets/_Fukushima/AllSprites/UI Novo/tepcoSSSS.png using Guid(12e1c6e44ffd95f4bbf7662642d4128c) Importer(815301076,1909f56bfc062723c751e8b465ee728b)  -> (artifact id: 'e8141bb96ee4e44691b017aa3897c307') in 0.019692 seconds
  Import took 0.043942 seconds .

========================================================================
Received Prepare
Registering precompiled user dll's ...
Registered in 0.003899 seconds.
Begin MonoManager ReloadAssembly
Native extension for WindowsStandalone target not found
Native extension for OSXStandalone target not found
Refreshing native plugins compatible for Editor in 4.33 ms, found 0 plugins.
Preloading 0 native plugins for Editor in 0.00 ms.
Warning: Annotation not found!
UnityEngine.StackTraceUtility:ExtractStackTrace ()
UnityEditor.ProBuilder.EditorUtility:SetGizmoIconEnabled (System.Type,bool) (at Library/PackageCache/com.unity.probuilder@5.0.3/Editor/EditorCore/EditorUtility.cs:575)
UnityEditor.ProBuilder.HierarchyListener:.cctor () (at Library/PackageCache/com.unity.probuilder@5.0.3/Editor/EditorCore/HierarchyListener.cs:21)
System.Runtime.CompilerServices.RuntimeHelpers:RunClassConstructor (System.RuntimeTypeHandle)
UnityEditor.EditorAssemblies:ProcessInitializeOnLoadAttributes (System.Type[])

[Library/PackageCache/com.unity.probuilder@5.0.3/Editor/EditorCore/EditorUtility.cs line 575]

Invoked RoslynAnalysisRunner static constructor.
RoslynAnalysisRunner will not be running.
RoslynAnalysisRunner has terminated.
Mono: successfully reloaded assembly
- Completed reload, in  2.054 seconds
Platform modules already initialized, skipping
Shader 'Universal Render Pipeline/Particles/Lit': fallback shader 'Universal Render Pipeline/Particles/SimpleLit' not found
Refreshing native plugins compatible for Editor in 1.68 ms, found 0 plugins.
Preloading 0 native plugins for Editor in 0.00 ms.
Unloading 2772 Unused Serialized files (Serialized files now loaded: 0)
System memory in use before: 134.0 MB.
System memory in use after: 134.2 MB.

Unloading 9 unused Assets to reduce memory usage. Loaded Objects now: 3380.
Total: 10.810100 ms (FindLiveObjects: 1.016900 ms CreateObjectMapping: 1.125800 ms MarkObjects: 8.454300 ms  DeleteObjects: 0.209800 ms)

========================================================================
Received Import Request.
  Time since last request: 639.158683 seconds.
  path: Assets/_Fukushima/AllSprites/UI Novo/VEIO.png
  artifactKey: Guid(939fe523b9af4fd4ca34f637cffc1da3) Importer(815301076,1909f56bfc062723c751e8b465ee728b)
Start importing Assets/_Fukushima/AllSprites/UI Novo/VEIO.png using Guid(939fe523b9af4fd4ca34f637cffc1da3) Importer(815301076,1909f56bfc062723c751e8b465ee728b)  -> (artifact id: '851d1891e54d69817682bbdeffa01654') in 0.076453 seconds
  Import took 0.104624 seconds .

========================================================================
Received Import Request.
  Time since last request: 8.850960 seconds.
  path: Assets/_Fukushima/AllSprites/UI Novo/VEIO.png
  artifactKey: Guid(939fe523b9af4fd4ca34f637cffc1da3) Importer(815301076,1909f56bfc062723c751e8b465ee728b)
Start importing Assets/_Fukushima/AllSprites/UI Novo/VEIO.png using Guid(939fe523b9af4fd4ca34f637cffc1da3) Importer(815301076,1909f56bfc062723c751e8b465ee728b)  -> (artifact id: '933e0c552cf39b39a15196f28bb212d6') in 0.061121 seconds
  Import took 0.069784 seconds .

========================================================================
Received Prepare
Shader 'Universal Render Pipeline/Particles/Lit': fallback shader 'Universal Render Pipeline/Particles/SimpleLit' not found
Refreshing native plugins compatible for Editor in 1.73 ms, found 0 plugins.
Preloading 0 native plugins for Editor in 0.00 ms.
Unloading 4 Unused Serialized files (Serialized files now loaded: 0)
System memory in use before: 78.6 MB.
System memory in use after: 78.8 MB.

Unloading 4 unused Assets to reduce memory usage. Loaded Objects now: 3384.
Total: 3.315000 ms (FindLiveObjects: 0.372500 ms CreateObjectMapping: 0.080400 ms MarkObjects: 2.750000 ms  DeleteObjects: 0.110000 ms)

