Using pre-set license
Built from '2020.2/staging' branch; Version is '2020.2.6f1 (8a2143876886) revision 9052483'; Using compiler version '192528614'; Build Type 'Release'
OS: 'Windows 10 Pro; OS build 18363.1440; Version 1909; 64bit' Language: 'pt' Physical Memory: 14267 MB
BatchMode: 1, IsHumanControllingUs: 0, StartBugReporterOnCrash: 0, Is64bit: 1, IsPro: 0

 COMMAND LINE ARGUMENTS:
C:\Program Files\Unity\Hub\Editor\2020.2.6f1\Editor\Unity.exe
-adb2
-batchMode
-noUpm
-name
AssetImportWorker1
-projectPath
D:/Unity/SuperNovoFukushima/Fukushima-GitHub/New-Fukushima/Fukushima (nome super normal)2
-logFile
Logs/AssetImportWorker1.log
-srvPort
64369
Successfully changed project path to: D:/Unity/SuperNovoFukushima/Fukushima-GitHub/New-Fukushima/Fukushima (nome super normal)2
D:/Unity/SuperNovoFukushima/Fukushima-GitHub/New-Fukushima/Fukushima (nome super normal)2
Using Asset Import Pipeline V2.
Refreshing native plugins compatible for Editor in 82.63 ms, found 0 plugins.
Preloading 0 native plugins for Editor in 0.00 ms.
Initialize engine version: 2020.2.6f1 (8a2143876886)
[Subsystems] Discovering subsystems at path C:/Program Files/Unity/Hub/Editor/2020.2.6f1/Editor/Data/Resources/UnitySubsystems
[Subsystems] Discovering subsystems at path D:/Unity/SuperNovoFukushima/Fukushima-GitHub/New-Fukushima/Fukushima (nome super normal)2/Assets
GfxDevice: creating device client; threaded=0
Direct3D:
    Version:  Direct3D 11.0 [level 11.1]
    Renderer: NVIDIA GeForce GTX 1050 Ti (ID=0x1c82)
    Vendor:   
    VRAM:     4018 MB
    Driver:   27.21.14.5671
Shader 'Universal Render Pipeline/Particles/Lit': fallback shader 'Universal Render Pipeline/Particles/SimpleLit' not found
Initialize mono
Mono path[0] = 'C:/Program Files/Unity/Hub/Editor/2020.2.6f1/Editor/Data/Managed'
Mono path[1] = 'C:/Program Files/Unity/Hub/Editor/2020.2.6f1/Editor/Data/MonoBleedingEdge/lib/mono/unityjit'
Mono config path = 'C:/Program Files/Unity/Hub/Editor/2020.2.6f1/Editor/Data/MonoBleedingEdge/etc'
Using monoOptions --debugger-agent=transport=dt_socket,embedding=1,server=y,suspend=n,address=127.0.0.1:56328
Begin MonoManager ReloadAssembly
Registering precompiled unity dll's ...
Register platform support module: C:/Program Files/Unity/Hub/Editor/2020.2.6f1/Editor/Data/PlaybackEngines/MacStandaloneSupport/UnityEditor.OSXStandalone.Extensions.dll
Register platform support module: C:/Program Files/Unity/Hub/Editor/2020.2.6f1/Editor/Data/PlaybackEngines/WindowsStandaloneSupport/UnityEditor.WindowsStandalone.Extensions.dll
Registered in 0.003524 seconds.
Native extension for WindowsStandalone target not found
Native extension for OSXStandalone target not found
Refreshing native plugins compatible for Editor in 74.02 ms, found 0 plugins.
Preloading 0 native plugins for Editor in 0.00 ms.
Invoked RoslynAnalysisRunner static constructor.
RoslynAnalysisRunner will not be running.
RoslynAnalysisRunner has terminated.
Mono: successfully reloaded assembly
- Completed reload, in  3.954 seconds
Platform modules already initialized, skipping
Registering precompiled user dll's ...
Registered in 0.001588 seconds.
Begin MonoManager ReloadAssembly
Native extension for WindowsStandalone target not found
Native extension for OSXStandalone target not found
Refreshing native plugins compatible for Editor in 88.38 ms, found 0 plugins.
Preloading 0 native plugins for Editor in 0.00 ms.
Invoked RoslynAnalysisRunner static constructor.
RoslynAnalysisRunner will not be running.
RoslynAnalysisRunner has terminated.
Mono: successfully reloaded assembly
- Completed reload, in  2.325 seconds
Platform modules already initialized, skipping
========================================================================
Worker process is ready to serve import requests
Shader 'Universal Render Pipeline/Particles/Lit': fallback shader 'Universal Render Pipeline/Particles/SimpleLit' not found
Launched and connected shader compiler UnityShaderCompiler.exe after 0.08 seconds
Refreshing native plugins compatible for Editor in 0.75 ms, found 0 plugins.
Preloading 0 native plugins for Editor in 0.00 ms.
Unloading 2925 Unused Serialized files (Serialized files now loaded: 0)
System memory in use before: 151.9 MB.
System memory in use after: 152.0 MB.

Unloading 97 unused Assets to reduce memory usage. Loaded Objects now: 3363.
Total: 3.459200 ms (FindLiveObjects: 0.385200 ms CreateObjectMapping: 0.146600 ms MarkObjects: 2.688000 ms  DeleteObjects: 0.237600 ms)

========================================================================
Received Import Request.
  path: Assets/_Fukushima/AllSprites/UI Novo/UI Novo/Menu/Sair.png
  artifactKey: Guid(6f001152cf9b6cb40a44542b1ce1913d) Importer(815301076,1909f56bfc062723c751e8b465ee728b)
Start importing Assets/_Fukushima/AllSprites/UI Novo/UI Novo/Menu/Sair.png using Guid(6f001152cf9b6cb40a44542b1ce1913d) Importer(815301076,1909f56bfc062723c751e8b465ee728b)  -> (artifact id: '37f172f0fa6b0b5efa38294966fda244') in 0.148213 seconds
  Import took 0.165781 seconds .

========================================================================
Received Import Request.
  Time since last request: 0.000225 seconds.
  path: Assets/_Fukushima/AllSprites/UI Novo/UI Novo/Ingame/Tutorial Item.png
  artifactKey: Guid(3953a1591749ad1429d5079b3ab2a1c7) Importer(815301076,1909f56bfc062723c751e8b465ee728b)
Start importing Assets/_Fukushima/AllSprites/UI Novo/UI Novo/Ingame/Tutorial Item.png using Guid(3953a1591749ad1429d5079b3ab2a1c7) Importer(815301076,1909f56bfc062723c751e8b465ee728b)  -> (artifact id: 'b51cf4999ed9c2ae1cefa5e230524732') in 0.019273 seconds
  Import took 0.025747 seconds .

========================================================================
Received Import Request.
  Time since last request: 0.000250 seconds.
  path: Assets/_Fukushima/AllSprites/UI Novo/UI Novo/Menu/Opções.png
  artifactKey: Guid(4bcf5a33e5145fb4495e910687e57b57) Importer(815301076,1909f56bfc062723c751e8b465ee728b)
Start importing Assets/_Fukushima/AllSprites/UI Novo/UI Novo/Menu/Opções.png using Guid(4bcf5a33e5145fb4495e910687e57b57) Importer(815301076,1909f56bfc062723c751e8b465ee728b)  -> (artifact id: 'e411d5e1a97d77bd14f73d10ae02893c') in 0.019644 seconds
  Import took 0.026763 seconds .

========================================================================
Received Import Request.
  Time since last request: 0.000245 seconds.
  path: Assets/_Fukushima/AllSprites/UI Novo/UI Novo/Menu/Jogar.png
  artifactKey: Guid(cdb1fd5403dd4de4a85548cf0a3cef8d) Importer(815301076,1909f56bfc062723c751e8b465ee728b)
Start importing Assets/_Fukushima/AllSprites/UI Novo/UI Novo/Menu/Jogar.png using Guid(cdb1fd5403dd4de4a85548cf0a3cef8d) Importer(815301076,1909f56bfc062723c751e8b465ee728b)  -> (artifact id: '1e5e548499f85c56575288dbaabbf397') in 0.036059 seconds
  Import took 0.043433 seconds .

========================================================================
Received Import Request.
  Time since last request: 0.000295 seconds.
  path: Assets/_Fukushima/AllSprites/UI Novo/UI Novo/Menu/titulo.png
  artifactKey: Guid(fad17f0db81e89443b07a02b44996b4b) Importer(815301076,1909f56bfc062723c751e8b465ee728b)
Start importing Assets/_Fukushima/AllSprites/UI Novo/UI Novo/Menu/titulo.png using Guid(fad17f0db81e89443b07a02b44996b4b) Importer(815301076,1909f56bfc062723c751e8b465ee728b)  -> (artifact id: '4e291f4df960fcd80d6df7952efadb85') in 0.019513 seconds
  Import took 0.026271 seconds .

========================================================================
Received Import Request.
  Time since last request: 6.159093 seconds.
  path: Assets/_Fukushima/Scripts/Pistas/PickUpPistas.cs
  artifactKey: Guid(34799411f458bd64592fc090c897e2aa) Importer(815301076,1909f56bfc062723c751e8b465ee728b)
Start importing Assets/_Fukushima/Scripts/Pistas/PickUpPistas.cs using Guid(34799411f458bd64592fc090c897e2aa) Importer(815301076,1909f56bfc062723c751e8b465ee728b)  -> (artifact id: 'ad7957b8e345d4f0666a3c096ce39244') in 0.013824 seconds
  Import took 0.019821 seconds .

========================================================================
Received Import Request.
  Time since last request: 8.833243 seconds.
  path: Assets/_Fukushima/Scripts/InventorySystem/Inventory/InspectItem.cs
  artifactKey: Guid(f8934910c4bc594468ac61282cd80d14) Importer(815301076,1909f56bfc062723c751e8b465ee728b)
Start importing Assets/_Fukushima/Scripts/InventorySystem/Inventory/InspectItem.cs using Guid(f8934910c4bc594468ac61282cd80d14) Importer(815301076,1909f56bfc062723c751e8b465ee728b)  -> (artifact id: '13b95b7b82cf3868e12c2cba5a9e96d2') in 0.007979 seconds
  Import took 0.013623 seconds .

========================================================================
Received Prepare
Registering precompiled user dll's ...
Registered in 0.002181 seconds.
Begin MonoManager ReloadAssembly
Native extension for WindowsStandalone target not found
Native extension for OSXStandalone target not found
Refreshing native plugins compatible for Editor in 0.75 ms, found 0 plugins.
Preloading 0 native plugins for Editor in 0.00 ms.
Warning: Annotation not found!
UnityEngine.StackTraceUtility:ExtractStackTrace ()
UnityEditor.ProBuilder.EditorUtility:SetGizmoIconEnabled (System.Type,bool) (at E:/Anhembi/Inter/Fukushima-GitHub/Fukushima (nome super normal)/Library/PackageCache/com.unity.probuilder@5.0.3/Editor/EditorCore/EditorUtility.cs:575)
UnityEditor.ProBuilder.HierarchyListener:.cctor () (at E:/Anhembi/Inter/Fukushima-GitHub/Fukushima (nome super normal)/Library/PackageCache/com.unity.probuilder@5.0.3/Editor/EditorCore/HierarchyListener.cs:21)
System.Runtime.CompilerServices.RuntimeHelpers:RunClassConstructor (System.RuntimeTypeHandle)
UnityEditor.EditorAssemblies:ProcessInitializeOnLoadAttributes (System.Type[])

[E:/Anhembi/Inter/Fukushima-GitHub/Fukushima (nome super normal)/Library/PackageCache/com.unity.probuilder@5.0.3/Editor/EditorCore/EditorUtility.cs line 575]

Invoked RoslynAnalysisRunner static constructor.
RoslynAnalysisRunner will not be running.
RoslynAnalysisRunner has terminated.
Mono: successfully reloaded assembly
- Completed reload, in  1.108 seconds
Platform modules already initialized, skipping
Shader 'Universal Render Pipeline/Particles/Lit': fallback shader 'Universal Render Pipeline/Particles/SimpleLit' not found
Refreshing native plugins compatible for Editor in 1.35 ms, found 0 plugins.
Preloading 0 native plugins for Editor in 0.00 ms.
Unloading 2770 Unused Serialized files (Serialized files now loaded: 0)
System memory in use before: 145.2 MB.
System memory in use after: 145.4 MB.

Unloading 9 unused Assets to reduce memory usage. Loaded Objects now: 3371.
Total: 5.405600 ms (FindLiveObjects: 0.584800 ms CreateObjectMapping: 0.362500 ms MarkObjects: 4.305000 ms  DeleteObjects: 0.151400 ms)

========================================================================
Received Prepare
Registering precompiled user dll's ...
Registered in 0.001686 seconds.
Begin MonoManager ReloadAssembly
Native extension for WindowsStandalone target not found
Native extension for OSXStandalone target not found
Refreshing native plugins compatible for Editor in 0.80 ms, found 0 plugins.
Preloading 0 native plugins for Editor in 0.00 ms.
Warning: Annotation not found!
UnityEngine.StackTraceUtility:ExtractStackTrace ()
UnityEditor.ProBuilder.EditorUtility:SetGizmoIconEnabled (System.Type,bool) (at E:/Anhembi/Inter/Fukushima-GitHub/Fukushima (nome super normal)/Library/PackageCache/com.unity.probuilder@5.0.3/Editor/EditorCore/EditorUtility.cs:575)
UnityEditor.ProBuilder.HierarchyListener:.cctor () (at E:/Anhembi/Inter/Fukushima-GitHub/Fukushima (nome super normal)/Library/PackageCache/com.unity.probuilder@5.0.3/Editor/EditorCore/HierarchyListener.cs:21)
System.Runtime.CompilerServices.RuntimeHelpers:RunClassConstructor (System.RuntimeTypeHandle)
UnityEditor.EditorAssemblies:ProcessInitializeOnLoadAttributes (System.Type[])

[E:/Anhembi/Inter/Fukushima-GitHub/Fukushima (nome super normal)/Library/PackageCache/com.unity.probuilder@5.0.3/Editor/EditorCore/EditorUtility.cs line 575]

Invoked RoslynAnalysisRunner static constructor.
RoslynAnalysisRunner will not be running.
RoslynAnalysisRunner has terminated.
Mono: successfully reloaded assembly
- Completed reload, in  1.011 seconds
Platform modules already initialized, skipping
Shader 'Universal Render Pipeline/Particles/Lit': fallback shader 'Universal Render Pipeline/Particles/SimpleLit' not found
Refreshing native plugins compatible for Editor in 0.73 ms, found 0 plugins.
Preloading 0 native plugins for Editor in 0.00 ms.
Unloading 2770 Unused Serialized files (Serialized files now loaded: 0)
System memory in use before: 145.2 MB.
System memory in use after: 145.4 MB.

Unloading 9 unused Assets to reduce memory usage. Loaded Objects now: 3373.
Total: 4.553300 ms (FindLiveObjects: 0.408800 ms CreateObjectMapping: 0.152000 ms MarkObjects: 3.848500 ms  DeleteObjects: 0.142400 ms)

