Using pre-set license
Built from '2020.2/staging' branch; Version is '2020.2.6f1 (8a2143876886) revision 9052483'; Using compiler version '192528614'; Build Type 'Release'
OS: 'Windows 10 Home; OS build 19042.985; Version 2009; 64bit' Language: 'pt' Physical Memory: 16318 MB
BatchMode: 1, IsHumanControllingUs: 0, StartBugReporterOnCrash: 0, Is64bit: 1, IsPro: 0

 COMMAND LINE ARGUMENTS:
D:\Programas e Recursos\Unity Editors\2020.2.6f1\Editor\Unity.exe
-adb2
-batchMode
-noUpm
-name
AssetImportWorker0
-projectPath
E:/Anhembi/Inter/New-Fukushima/Fukushima (nome super normal)2
-logFile
Logs/AssetImportWorker0.log
-srvPort
63074
Successfully changed project path to: E:/Anhembi/Inter/New-Fukushima/Fukushima (nome super normal)2
E:/Anhembi/Inter/New-Fukushima/Fukushima (nome super normal)2
Using Asset Import Pipeline V2.
Refreshing native plugins compatible for Editor in 102.50 ms, found 0 plugins.
Preloading 0 native plugins for Editor in 0.00 ms.
Initialize engine version: 2020.2.6f1 (8a2143876886)
[Subsystems] Discovering subsystems at path D:/Programas e Recursos/Unity Editors/2020.2.6f1/Editor/Data/Resources/UnitySubsystems
[Subsystems] Discovering subsystems at path E:/Anhembi/Inter/New-Fukushima/Fukushima (nome super normal)2/Assets
GfxDevice: creating device client; threaded=0
Direct3D:
    Version:  Direct3D 11.0 [level 11.0]
    Renderer: NVIDIA GeForce GTX 750 Ti (ID=0x1380)
    Vendor:   
    VRAM:     2007 MB
    Driver:   27.21.14.6192
Shader 'Universal Render Pipeline/Particles/Lit': fallback shader 'Universal Render Pipeline/Particles/SimpleLit' not found
Initialize mono
Mono path[0] = 'D:/Programas e Recursos/Unity Editors/2020.2.6f1/Editor/Data/Managed'
Mono path[1] = 'D:/Programas e Recursos/Unity Editors/2020.2.6f1/Editor/Data/MonoBleedingEdge/lib/mono/unityjit'
Mono config path = 'D:/Programas e Recursos/Unity Editors/2020.2.6f1/Editor/Data/MonoBleedingEdge/etc'
Using monoOptions --debugger-agent=transport=dt_socket,embedding=1,server=y,suspend=n,address=127.0.0.1:56116
Begin MonoManager ReloadAssembly
Registering precompiled unity dll's ...
Register platform support module: D:/Programas e Recursos/Unity Editors/2020.2.6f1/Editor/Data/PlaybackEngines/WindowsStandaloneSupport/UnityEditor.WindowsStandalone.Extensions.dll
Registered in 0.030139 seconds.
Native extension for WindowsStandalone target not found
Refreshing native plugins compatible for Editor in 61.04 ms, found 0 plugins.
Preloading 0 native plugins for Editor in 0.00 ms.
Invoked RoslynAnalysisRunner static constructor.
RoslynAnalysisRunner will not be running.
RoslynAnalysisRunner has terminated.
Mono: successfully reloaded assembly
- Completed reload, in  3.581 seconds
Platform modules already initialized, skipping
Registering precompiled user dll's ...
Registered in 0.027448 seconds.
Begin MonoManager ReloadAssembly
